<?xml version="1.0" encoding="UTF-8"?>
<testsuite xmlns:xsi="http://www.w3.org/2001/XMLSchema-instance" xsi:noNamespaceSchemaLocation="https://maven.apache.org/surefire/maven-surefire-plugin/xsd/surefire-test-report-3.0.xsd" version="3.0" name="algorithms.KruskalTest" time="0.013" tests="13" errors="0" skipped="0" failures="0">
  <properties>
    <property name="java.specification.version" value="23"/>
    <property name="sun.cpu.isalist" value="amd64"/>
    <property name="sun.jnu.encoding" value="Cp1251"/>
    <property name="java.class.path" value="C:\Users\kraty\OneDrive\Desktop\DAA_Assignment-3\target\test-classes;C:\Users\kraty\OneDrive\Desktop\DAA_Assignment-3\target\classes;C:\Users\kraty\.m2\repository\com\google\code\gson\gson\2.10.1\gson-2.10.1.jar;C:\Users\kraty\.m2\repository\junit\junit\4.13.2\junit-4.13.2.jar;C:\Users\kraty\.m2\repository\org\hamcrest\hamcrest-core\1.3\hamcrest-core-1.3.jar;"/>
    <property name="java.vm.vendor" value="Oracle Corporation"/>
    <property name="sun.arch.data.model" value="64"/>
    <property name="user.variant" value=""/>
    <property name="java.vendor.url" value="https://java.oracle.com/"/>
    <property name="user.timezone" value="Asia/Qyzylorda"/>
    <property name="user.country.format" value="US"/>
    <property name="os.name" value="Windows 11"/>
    <property name="java.vm.specification.version" value="23"/>
    <property name="user.country" value="RU"/>
    <property name="sun.java.launcher" value="SUN_STANDARD"/>
    <property name="sun.boot.library.path" value="C:\Users\kraty\.jdks\openjdk-23.0.2\bin"/>
    <property name="sun.java.command" value="C:\Users\kraty\AppData\Local\Temp\surefire2797826974499797982\surefirebooter-20251025170153283_3.jar C:\Users\kraty\AppData\Local\Temp\surefire2797826974499797982 2025-10-25T17-01-53_182-jvmRun1 surefire-20251025170153283_1tmp surefire_0-20251025170153283_2tmp"/>
    <property name="jdk.debug" value="release"/>
    <property name="surefire.test.class.path" value="C:\Users\kraty\OneDrive\Desktop\DAA_Assignment-3\target\test-classes;C:\Users\kraty\OneDrive\Desktop\DAA_Assignment-3\target\classes;C:\Users\kraty\.m2\repository\com\google\code\gson\gson\2.10.1\gson-2.10.1.jar;C:\Users\kraty\.m2\repository\junit\junit\4.13.2\junit-4.13.2.jar;C:\Users\kraty\.m2\repository\org\hamcrest\hamcrest-core\1.3\hamcrest-core-1.3.jar;"/>
    <property name="sun.cpu.endian" value="little"/>
    <property name="user.home" value="C:\Users\kraty"/>
    <property name="user.language" value="ru"/>
    <property name="java.specification.vendor" value="Oracle Corporation"/>
    <property name="java.version.date" value="2025-01-21"/>
    <property name="java.home" value="C:\Users\kraty\.jdks\openjdk-23.0.2"/>
    <property name="file.separator" value="\"/>
    <property name="basedir" value="C:\Users\kraty\OneDrive\Desktop\DAA_Assignment-3"/>
    <property name="style.color" value="always"/>
    <property name="java.vm.compressedOopsMode" value="Zero based"/>
    <property name="line.separator" value="&#10;"/>
    <property name="java.vm.specification.vendor" value="Oracle Corporation"/>
    <property name="java.specification.name" value="Java Platform API Specification"/>
    <property name="surefire.real.class.path" value="C:\Users\kraty\AppData\Local\Temp\surefire2797826974499797982\surefirebooter-20251025170153283_3.jar"/>
    <property name="user.script" value=""/>
    <property name="sun.management.compiler" value="HotSpot 64-Bit Tiered Compilers"/>
    <property name="java.runtime.version" value="23.0.2+7-58"/>
    <property name="user.name" value="kraty"/>
    <property name="stdout.encoding" value="Cp1251"/>
    <property name="path.separator" value=";"/>
    <property name="os.version" value="10.0"/>
    <property name="java.runtime.name" value="OpenJDK Runtime Environment"/>
    <property name="file.encoding" value="UTF-8"/>
    <property name="java.vm.name" value="OpenJDK 64-Bit Server VM"/>
    <property name="maven.ext.class.path" value="C:\Users\kraty\AppData\Local\Programs\IntelliJ IDEA Ultimate\plugins\maven\lib\maven-event-listener.jar"/>
    <property name="localRepository" value="C:\Users\kraty\.m2\repository"/>
    <property name="java.vendor.url.bug" value="https://bugreport.java.com/bugreport/"/>
    <property name="java.io.tmpdir" value="C:\Users\kraty\AppData\Local\Temp\"/>
    <property name="idea.version" value="2025.2.3"/>
    <property name="java.version" value="23.0.2"/>
    <property name="user.dir" value="C:\Users\kraty\OneDrive\Desktop\DAA_Assignment-3"/>
    <property name="os.arch" value="amd64"/>
    <property name="jansi.passthrough" value="true"/>
    <property name="java.vm.specification.name" value="Java Virtual Machine Specification"/>
    <property name="user.language.format" value="en"/>
    <property name="sun.os.patch.level" value=""/>
    <property name="native.encoding" value="Cp1251"/>
    <property name="java.library.path" value="C:\Users\kraty\.jdks\openjdk-23.0.2\bin;C:\WINDOWS\Sun\Java\bin;C:\WINDOWS\system32;C:\WINDOWS;C:\Program Files\Common Files\Oracle\Java\javapath;C:\Program Files (x86)\Common Files\Oracle\Java\java8path;C:\Program Files (x86)\Common Files\Oracle\Java\javapath;C:\WINDOWS\system32;C:\WINDOWS;C:\WINDOWS\System32\Wbem;C:\WINDOWS\System32\WindowsPowerShell\v1.0\;C:\WINDOWS\System32\OpenSSH\;C:\Program Files\Microsoft SQL Server\150\Tools\Binn\;C:\Program Files\Microsoft SQL Server\Client SDK\ODBC\170\Tools\Binn\;C:\Program Files\dotnet\;C:\Program Files (x86)\Windows Kits\10\Windows Performance Toolkit\;C:\Program Files (x86)\NVIDIA Corporation\PhysX\Common;C:\Program Files\NVIDIA Corporation\NVIDIA app\NvDLISR;C:\Program Files\Git\cmd;C:\Users\kraty\AppData\Local\Microsoft\WindowsApps;C:\Users\kraty\.dotnet\tools;C:\Users\kraty\AppData\Local\JetBrains\Toolbox\scripts;C:\Users\kraty\AppData\Local\GitHubDesktop\bin;C:\Users\kraty\AppData\Local\Microsoft\WindowsApps;C:\Users\kraty\AppData\Local\Programs\Microsoft VS Code\bin;C:\Users\kraty\OneDrive\Desktop\maven-mvnd-1.0.3-windows-amd64\bin;C:\Program Files\Apache\apache-maven-3.9.11\bin;."/>
    <property name="java.vm.info" value="mixed mode, sharing"/>
    <property name="stderr.encoding" value="Cp1251"/>
    <property name="java.vendor" value="Oracle Corporation"/>
    <property name="java.vm.version" value="23.0.2+7-58"/>
    <property name="sun.io.unicode.encoding" value="UnicodeLittle"/>
    <property name="maven.repo.local" value="C:\Users\kraty\.m2\repository"/>
    <property name="java.class.version" value="67.0"/>
  </properties>
  <testcase name="testDuplicateWeights" classname="algorithms.KruskalTest" time="0.001">
    <system-out><![CDATA[Validation PASSED: MST satisfies all optimality conditions
]]></system-out>
  </testcase>
  <testcase name="testExecutionTimeNonNegative" classname="algorithms.KruskalTest" time="0.001">
    <system-out><![CDATA[Validation PASSED: MST satisfies all optimality conditions
]]></system-out>
  </testcase>
  <testcase name="testSingleVertex" classname="algorithms.KruskalTest" time="0.001">
    <system-out><![CDATA[Validation PASSED: MST satisfies all optimality conditions
]]></system-out>
  </testcase>
  <testcase name="testMSTCostCalculation" classname="algorithms.KruskalTest" time="0.001">
    <system-out><![CDATA[Validation PASSED: MST satisfies all optimality conditions
]]></system-out>
  </testcase>
  <testcase name="testOperationCountNonNegative" classname="algorithms.KruskalTest" time="0.001">
    <system-out><![CDATA[Validation PASSED: MST satisfies all optimality conditions
]]></system-out>
  </testcase>
  <testcase name="testMSTIsAcyclic" classname="algorithms.KruskalTest" time="0.001">
    <system-out><![CDATA[Validation PASSED: MST satisfies all optimality conditions
]]></system-out>
  </testcase>
  <testcase name="testMSTIsSpanning" classname="algorithms.KruskalTest" time="0.001">
    <system-out><![CDATA[Validation PASSED: MST satisfies all optimality conditions
]]></system-out>
  </testcase>
  <testcase name="testSmallGraph" classname="algorithms.KruskalTest" time="0.0">
    <system-out><![CDATA[Validation PASSED: MST satisfies all optimality conditions
]]></system-out>
  </testcase>
  <testcase name="testValidationMethod" classname="algorithms.KruskalTest" time="0.0">
    <system-out><![CDATA[Validation PASSED: MST satisfies all optimality conditions
Validation PASSED: MST satisfies all optimality conditions
]]></system-out>
  </testcase>
  <testcase name="testDisconnectedGraph" classname="algorithms.KruskalTest" time="0.001">
    <system-err><![CDATA[WARNING: Graph is disconnected. Computing minimum spanning forest.
]]></system-err>
  </testcase>
  <testcase name="testQuickValidation" classname="algorithms.KruskalTest" time="0.0">
    <system-out><![CDATA[Validation PASSED: MST satisfies all optimality conditions
]]></system-out>
  </testcase>
  <testcase name="testNoDuplicateEdges" classname="algorithms.KruskalTest" time="0.001">
    <system-out><![CDATA[Validation PASSED: MST satisfies all optimality conditions
]]></system-out>
  </testcase>
  <testcase name="testMSTEdgeCount" classname="algorithms.KruskalTest" time="0.0">
    <system-out><![CDATA[Validation PASSED: MST satisfies all optimality conditions
]]></system-out>
  </testcase>
</testsuite>